<?xml version="1.0" encoding="UTF-8"?>
<testsuite xmlns:xsi="http://www.w3.org/2001/XMLSchema-instance" xsi:noNamespaceSchemaLocation="https://maven.apache.org/surefire/maven-surefire-plugin/xsd/surefire-test-report.xsd" version="3.0.2" name="com.hoz.back.ItemsManagerApplicationTests" time="6.156" tests="1" errors="0" skipped="0" failures="0">
  <properties>
[...]
</properties>
  <testcase name="contextLoads" classname="com.hoz.back.ItemsManagerApplicationTests" time="0.342">
    <system-out><![CDATA[02:43:20.427 [main] INFO org.springframework.test.context.support.AnnotationConfigContextLoaderUtils -- Could not detect default configuration classes for test class [com.hoz.back.ItemsManagerApplicationTests]: ItemsManagerApplicationTests does not declare any static, non-private, non-final, nested classes annotated with @Configuration.
02:43:20.538 [main] INFO org.springframework.boot.test.context.SpringBootTestContextBootstrapper -- Found @SpringBootConfiguration com.hoz.back.ItemsManagerApplication for test class com.hoz.back.ItemsManagerApplicationTests
02:43:20.724 [main] INFO org.springframework.boot.devtools.restart.RestartApplicationListener -- Restart disabled due to context in which it is running

  .   ____          _            __ _ _
 /\\ / ___'_ __ _ _(_)_ __  __ _ \ \ \ \
( ( )\___ | '_ | '_| | '_ \/ _` | \ \ \ \
 \\/  ___)| |_)| | | | | || (_| |  ) ) ) )
  '  |____| .__|_| |_|_| |_\__, | / / / /
 =========|_|==============|___/=/_/_/_/

 :: Spring Boot ::                (v3.5.0)

2025-06-08T02:43:21.083+03:00  INFO 21996 --- [items-manager] [           main] c.hoz.back.ItemsManagerApplicationTests  : Starting ItemsManagerApplicationTests using Java 17.0.15 with PID 21996 (started by Hoz in D:\Coding\Side-Projects\backup\Project0\back)
2025-06-08T02:43:21.085+03:00  INFO 21996 --- [items-manager] [           main] c.hoz.back.ItemsManagerApplicationTests  : The following 1 profile is active: "test"
2025-06-08T02:43:21.978+03:00  INFO 21996 --- [items-manager] [           main] .s.d.r.c.RepositoryConfigurationDelegate : Bootstrapping Spring Data JPA repositories in DEFAULT mode.
2025-06-08T02:43:22.049+03:00  INFO 21996 --- [items-manager] [           main] .s.d.r.c.RepositoryConfigurationDelegate : Finished Spring Data repository scanning in 60 ms. Found 3 JPA repository interfaces.
2025-06-08T02:43:22.698+03:00  INFO 21996 --- [items-manager] [           main] o.hibernate.jpa.internal.util.LogHelper  : HHH000204: Processing PersistenceUnitInfo [name: default]
2025-06-08T02:43:22.757+03:00  INFO 21996 --- [items-manager] [           main] org.hibernate.Version                    : HHH000412: Hibernate ORM core version 6.6.15.Final
2025-06-08T02:43:22.796+03:00  INFO 21996 --- [items-manager] [           main] o.h.c.internal.RegionFactoryInitiator    : HHH000026: Second-level cache disabled
2025-06-08T02:43:23.166+03:00  INFO 21996 --- [items-manager] [           main] o.s.o.j.p.SpringPersistenceUnitInfo      : No LoadTimeWeaver setup: ignoring JPA class transformer
2025-06-08T02:43:23.201+03:00  INFO 21996 --- [items-manager] [           main] com.zaxxer.hikari.HikariDataSource       : HikariPool-1 - Starting...
2025-06-08T02:43:23.415+03:00  INFO 21996 --- [items-manager] [           main] com.zaxxer.hikari.pool.HikariPool        : HikariPool-1 - Added connection org.postgresql.jdbc.PgConnection@2b2b7e3c
2025-06-08T02:43:23.416+03:00  INFO 21996 --- [items-manager] [           main] com.zaxxer.hikari.HikariDataSource       : HikariPool-1 - Start completed.
2025-06-08T02:43:23.455+03:00  WARN 21996 --- [items-manager] [           main] org.hibernate.orm.deprecation            : HHH90000025: PostgreSQLDialect does not need to be specified explicitly using 'hibernate.dialect' (remove the property setting and it will be selected by default)
2025-06-08T02:43:23.482+03:00  INFO 21996 --- [items-manager] [           main] org.hibernate.orm.connections.pooling    : HHH10001005: Database info:
	Database JDBC URL [Connecting through datasource 'HikariDataSource (HikariPool-1)']
	Database driver: undefined/unknown
	Database version: 17.4
	Autocommit mode: undefined/unknown
	Isolation level: undefined/unknown
	Minimum pool size: undefined/unknown
	Maximum pool size: undefined/unknown
2025-06-08T02:43:24.380+03:00  INFO 21996 --- [items-manager] [           main] o.h.e.t.j.p.i.JtaPlatformInitiator       : HHH000489: No JTA platform available (set 'hibernate.transaction.jta.platform' to enable JTA platform integration)
Hibernate: 
    set client_min_messages = WARNING
Hibernate: 
    alter table if exists items 
       drop constraint if exists FKjcdcde7htb3tyjgouo4g9xbmr
Hibernate: 
    alter table if exists items 
       drop constraint if exists FKft8pmhndq1kntvyfaqcybhxvx
Hibernate: 
    drop table if exists categories cascade
Hibernate: 
    drop table if exists items cascade
Hibernate: 
    drop table if exists users cascade
Hibernate: 
    drop sequence if exists items_seq
Hibernate: 
    drop sequence if exists users_seq
Hibernate: 
    create sequence items_seq start with 1 increment by 50
Hibernate: 
    create sequence users_seq start with 1 increment by 50
Hibernate: 
    create table categories (
        id SMALLINT not null,
        name varchar(255),
        primary key (id)
    )
Hibernate: 
    create table items (
        amount float(53) not null,
        category_id SMALLINT,
        price float(53) not null,
        quantity float(53) not null,
        date_time timestamp(6),
        id bigint not null,
        user_id bigint,
        description varchar(255),
        name varchar(255),
        unit_of_measurement varchar(255),
        primary key (id)
    )
Hibernate: 
    create table users (
        id bigint not null,
        email varchar(255) not null unique,
        password varchar(255) not null,
        role varchar(255) not null,
        username varchar(255) not null unique,
        primary key (id)
    )
Hibernate: 
    alter table if exists items 
       add constraint FKjcdcde7htb3tyjgouo4g9xbmr 
       foreign key (category_id) 
       references categories
Hibernate: 
    alter table if exists items 
       add constraint FKft8pmhndq1kntvyfaqcybhxvx 
       foreign key (user_id) 
       references users
2025-06-08T02:43:24.438+03:00  INFO 21996 --- [items-manager] [           main] j.LocalContainerEntityManagerFactoryBean : Initialized JPA EntityManagerFactory for persistence unit 'default'
2025-06-08T02:43:24.952+03:00  WARN 21996 --- [items-manager] [           main] JpaBaseConfiguration$JpaWebConfiguration : spring.jpa.open-in-view is enabled by default. Therefore, database queries may be performed during view rendering. Explicitly configure spring.jpa.open-in-view to disable this warning
2025-06-08T02:43:25.466+03:00  INFO 21996 --- [items-manager] [           main] eAuthenticationProviderManagerConfigurer : Global AuthenticationManager configured with AuthenticationProvider bean with name authenticationProvider
2025-06-08T02:43:25.467+03:00  WARN 21996 --- [items-manager] [           main] r$InitializeUserDetailsManagerConfigurer : Global AuthenticationManager configured with an AuthenticationProvider bean. UserDetailsService beans will not be used by Spring Security for automatically configuring username/password login. Consider removing the AuthenticationProvider bean. Alternatively, consider using the UserDetailsService in a manually instantiated DaoAuthenticationProvider. If the current configuration is intentional, to turn off this warning, increase the logging level of 'org.springframework.security.config.annotation.authentication.configuration.InitializeUserDetailsBeanManagerConfigurer' to ERROR
2025-06-08T02:43:26.080+03:00  INFO 21996 --- [items-manager] [           main] c.hoz.back.ItemsManagerApplicationTests  : Started ItemsManagerApplicationTests in 5.371 seconds (process running for 6.315)
]]></system-out>
  </testcase>
</testsuite>